Compiling the C compiler identification source file "CMakeCCompilerId.c" failed.
Compiler:  
Build flags: 
Id flags:  

The output was:
1
用于 .NET Framework 的 Microsoft (R) 生成引擎版本 16.9.0+5e4b48a27
版权所有(C) Microsoft Corporation。保留所有权利。

生成启动时间为 2021/8/15 9:14:47。
节点 1 上的项目“D:\10 CG&GAMES\Gameslearning\GamesLearning\code\pa0\build\CMakeFiles\3.20.1\CompilerIdC\CompilerIdC.vcxproj”(默认目标)。
PrepareForBuild:
  正在创建目录“Debug\”。
C:\Program Files (x86)\Microsoft Visual Studio\2019\Community\MSBuild\Microsoft\VC\v160\Microsoft.CppBuild.targets(501,5): warning MSB8003: 未定义 WindowsSDKDir 属性。可能找不到某些生成工具。 [D:\10 CG&GAMES\Gameslearning\GamesLearning\code\pa0\build\CMakeFiles\3.20.1\CompilerIdC\CompilerIdC.vcxproj]
  正在创建目录“Debug\CompilerIdC.tlog\”。
InitializeBuildStatus:
  正在创建“Debug\CompilerIdC.tlog\unsuccessfulbuild”，因为已指定“AlwaysCreate”。
ClCompile:
  C:\Program Files (x86)\Microsoft Visual Studio\2019\Community\VC\Tools\MSVC\14.28.29910\bin\HostX64\x64\CL.exe /c /nologo /W0 /WX- /diagnostics:column /Od /D _MBCS /Gm- /EHsc /RTC1 /MDd /GS /fp:precise /Zc:wchar_t /Zc:forScope /Zc:inline /Fo"Debug\\" /Fd"Debug\vc142.pdb" /Gd /TC /FC /errorReport:queue CMakeCCompilerId.c
  CMakeCCompilerId.c
Link:
  C:\Program Files (x86)\Microsoft Visual Studio\2019\Community\VC\Tools\MSVC\14.28.29910\bin\HostX64\x64\link.exe /ERRORREPORT:QUEUE /OUT:".\CompilerIdC.exe" /INCREMENTAL:NO /NOLOGO kernel32.lib user32.lib gdi32.lib winspool.lib comdlg32.lib advapi32.lib shell32.lib ole32.lib oleaut32.lib uuid.lib odbc32.lib odbccp32.lib /MANIFEST /MANIFESTUAC:"level='asInvoker' uiAccess='false'" /manifest:embed /PDB:".\CompilerIdC.pdb" /SUBSYSTEM:CONSOLE /TLBID:1 /DYNAMICBASE /NXCOMPAT /IMPLIB:".\CompilerIdC.lib" /MACHINE:X64 Debug\CMakeCCompilerId.obj
LINK : fatal error LNK1181: 无法打开输入文件“kernel32.lib” [D:\10 CG&GAMES\Gameslearning\GamesLearning\code\pa0\build\CMakeFiles\3.20.1\CompilerIdC\CompilerIdC.vcxproj]
已完成生成项目“D:\10 CG&GAMES\Gameslearning\GamesLearning\code\pa0\build\CMakeFiles\3.20.1\CompilerIdC\CompilerIdC.vcxproj”(默认目标)的操作 - 失败。

生成失败。

“D:\10 CG&GAMES\Gameslearning\GamesLearning\code\pa0\build\CMakeFiles\3.20.1\CompilerIdC\CompilerIdC.vcxproj”(默认目标) (1) ->
(PrepareForBuild 目标) -> 
  C:\Program Files (x86)\Microsoft Visual Studio\2019\Community\MSBuild\Microsoft\VC\v160\Microsoft.CppBuild.targets(501,5): warning MSB8003: 未定义 WindowsSDKDir 属性。可能找不到某些生成工具。 [D:\10 CG&GAMES\Gameslearning\GamesLearning\code\pa0\build\CMakeFiles\3.20.1\CompilerIdC\CompilerIdC.vcxproj]


“D:\10 CG&GAMES\Gameslearning\GamesLearning\code\pa0\build\CMakeFiles\3.20.1\CompilerIdC\CompilerIdC.vcxproj”(默认目标) (1) ->
(Link 目标) -> 
  LINK : fatal error LNK1181: 无法打开输入文件“kernel32.lib” [D:\10 CG&GAMES\Gameslearning\GamesLearning\code\pa0\build\CMakeFiles\3.20.1\CompilerIdC\CompilerIdC.vcxproj]

    1 个警告
    1 个错误

已用时间 00:00:00.87


Compiling the C compiler identification source file "CMakeCCompilerId.c" failed.
Compiler:  
Build flags: 
Id flags:  

The output was:
1
用于 .NET Framework 的 Microsoft (R) 生成引擎版本 16.9.0+5e4b48a27
版权所有(C) Microsoft Corporation。保留所有权利。

生成启动时间为 2021/8/15 9:14:48。
节点 1 上的项目“D:\10 CG&GAMES\Gameslearning\GamesLearning\code\pa0\build\CMakeFiles\3.20.1\CompilerIdC\CompilerIdC.vcxproj”(默认目标)。
PrepareForBuild:
  正在创建目录“Debug\”。
C:\Program Files (x86)\Microsoft Visual Studio\2019\Community\MSBuild\Microsoft\VC\v160\Microsoft.CppBuild.targets(501,5): warning MSB8003: 未定义 WindowsSDKDir 属性。可能找不到某些生成工具。 [D:\10 CG&GAMES\Gameslearning\GamesLearning\code\pa0\build\CMakeFiles\3.20.1\CompilerIdC\CompilerIdC.vcxproj]
  正在创建目录“Debug\CompilerIdC.tlog\”。
InitializeBuildStatus:
  正在创建“Debug\CompilerIdC.tlog\unsuccessfulbuild”，因为已指定“AlwaysCreate”。
ClCompile:
  C:\Program Files (x86)\Microsoft Visual Studio\2019\Community\VC\Tools\MSVC\14.28.29910\bin\HostX64\x64\CL.exe /c /nologo /W0 /WX- /diagnostics:column /Od /D _MBCS /Gm- /EHsc /RTC1 /MDd /GS /fp:precise /Zc:wchar_t /Zc:forScope /Zc:inline /Fo"Debug\\" /Fd"Debug\vc142.pdb" /Gd /TC /FC /errorReport:queue CMakeCCompilerId.c
  CMakeCCompilerId.c
Link:
  C:\Program Files (x86)\Microsoft Visual Studio\2019\Community\VC\Tools\MSVC\14.28.29910\bin\HostX64\x64\link.exe /ERRORREPORT:QUEUE /OUT:".\CompilerIdC.exe" /INCREMENTAL:NO /NOLOGO kernel32.lib user32.lib gdi32.lib winspool.lib comdlg32.lib advapi32.lib shell32.lib ole32.lib oleaut32.lib uuid.lib odbc32.lib odbccp32.lib /MANIFEST /MANIFESTUAC:"level='asInvoker' uiAccess='false'" /manifest:embed /PDB:".\CompilerIdC.pdb" /SUBSYSTEM:CONSOLE /TLBID:1 /DYNAMICBASE /NXCOMPAT /IMPLIB:".\CompilerIdC.lib" /MACHINE:X64 Debug\CMakeCCompilerId.obj
LINK : fatal error LNK1181: 无法打开输入文件“kernel32.lib” [D:\10 CG&GAMES\Gameslearning\GamesLearning\code\pa0\build\CMakeFiles\3.20.1\CompilerIdC\CompilerIdC.vcxproj]
已完成生成项目“D:\10 CG&GAMES\Gameslearning\GamesLearning\code\pa0\build\CMakeFiles\3.20.1\CompilerIdC\CompilerIdC.vcxproj”(默认目标)的操作 - 失败。

生成失败。

“D:\10 CG&GAMES\Gameslearning\GamesLearning\code\pa0\build\CMakeFiles\3.20.1\CompilerIdC\CompilerIdC.vcxproj”(默认目标) (1) ->
(PrepareForBuild 目标) -> 
  C:\Program Files (x86)\Microsoft Visual Studio\2019\Community\MSBuild\Microsoft\VC\v160\Microsoft.CppBuild.targets(501,5): warning MSB8003: 未定义 WindowsSDKDir 属性。可能找不到某些生成工具。 [D:\10 CG&GAMES\Gameslearning\GamesLearning\code\pa0\build\CMakeFiles\3.20.1\CompilerIdC\CompilerIdC.vcxproj]


“D:\10 CG&GAMES\Gameslearning\GamesLearning\code\pa0\build\CMakeFiles\3.20.1\CompilerIdC\CompilerIdC.vcxproj”(默认目标) (1) ->
(Link 目标) -> 
  LINK : fatal error LNK1181: 无法打开输入文件“kernel32.lib” [D:\10 CG&GAMES\Gameslearning\GamesLearning\code\pa0\build\CMakeFiles\3.20.1\CompilerIdC\CompilerIdC.vcxproj]

    1 个警告
    1 个错误

已用时间 00:00:00.33


Compiling the CXX compiler identification source file "CMakeCXXCompilerId.cpp" failed.
Compiler:  
Build flags: 
Id flags:  

The output was:
1
用于 .NET Framework 的 Microsoft (R) 生成引擎版本 16.9.0+5e4b48a27
版权所有(C) Microsoft Corporation。保留所有权利。

生成启动时间为 2021/8/15 9:14:49。
节点 1 上的项目“D:\10 CG&GAMES\Gameslearning\GamesLearning\code\pa0\build\CMakeFiles\3.20.1\CompilerIdCXX\CompilerIdCXX.vcxproj”(默认目标)。
PrepareForBuild:
  正在创建目录“Debug\”。
C:\Program Files (x86)\Microsoft Visual Studio\2019\Community\MSBuild\Microsoft\VC\v160\Microsoft.CppBuild.targets(501,5): warning MSB8003: 未定义 WindowsSDKDir 属性。可能找不到某些生成工具。 [D:\10 CG&GAMES\Gameslearning\GamesLearning\code\pa0\build\CMakeFiles\3.20.1\CompilerIdCXX\CompilerIdCXX.vcxproj]
  正在创建目录“Debug\CompilerIdCXX.tlog\”。
InitializeBuildStatus:
  正在创建“Debug\CompilerIdCXX.tlog\unsuccessfulbuild”，因为已指定“AlwaysCreate”。
ClCompile:
  C:\Program Files (x86)\Microsoft Visual Studio\2019\Community\VC\Tools\MSVC\14.28.29910\bin\HostX64\x64\CL.exe /c /nologo /W0 /WX- /diagnostics:column /Od /D _MBCS /Gm- /EHsc /RTC1 /MDd /GS /fp:precise /Zc:wchar_t /Zc:forScope /Zc:inline /Fo"Debug\\" /Fd"Debug\vc142.pdb" /Gd /TP /FC /errorReport:queue CMakeCXXCompilerId.cpp
  CMakeCXXCompilerId.cpp
Link:
  C:\Program Files (x86)\Microsoft Visual Studio\2019\Community\VC\Tools\MSVC\14.28.29910\bin\HostX64\x64\link.exe /ERRORREPORT:QUEUE /OUT:".\CompilerIdCXX.exe" /INCREMENTAL:NO /NOLOGO kernel32.lib user32.lib gdi32.lib winspool.lib comdlg32.lib advapi32.lib shell32.lib ole32.lib oleaut32.lib uuid.lib odbc32.lib odbccp32.lib /MANIFEST /MANIFESTUAC:"level='asInvoker' uiAccess='false'" /manifest:embed /PDB:".\CompilerIdCXX.pdb" /SUBSYSTEM:CONSOLE /TLBID:1 /DYNAMICBASE /NXCOMPAT /IMPLIB:".\CompilerIdCXX.lib" /MACHINE:X64 Debug\CMakeCXXCompilerId.obj
LINK : fatal error LNK1181: 无法打开输入文件“kernel32.lib” [D:\10 CG&GAMES\Gameslearning\GamesLearning\code\pa0\build\CMakeFiles\3.20.1\CompilerIdCXX\CompilerIdCXX.vcxproj]
已完成生成项目“D:\10 CG&GAMES\Gameslearning\GamesLearning\code\pa0\build\CMakeFiles\3.20.1\CompilerIdCXX\CompilerIdCXX.vcxproj”(默认目标)的操作 - 失败。

生成失败。

“D:\10 CG&GAMES\Gameslearning\GamesLearning\code\pa0\build\CMakeFiles\3.20.1\CompilerIdCXX\CompilerIdCXX.vcxproj”(默认目标) (1) ->
(PrepareForBuild 目标) -> 
  C:\Program Files (x86)\Microsoft Visual Studio\2019\Community\MSBuild\Microsoft\VC\v160\Microsoft.CppBuild.targets(501,5): warning MSB8003: 未定义 WindowsSDKDir 属性。可能找不到某些生成工具。 [D:\10 CG&GAMES\Gameslearning\GamesLearning\code\pa0\build\CMakeFiles\3.20.1\CompilerIdCXX\CompilerIdCXX.vcxproj]


“D:\10 CG&GAMES\Gameslearning\GamesLearning\code\pa0\build\CMakeFiles\3.20.1\CompilerIdCXX\CompilerIdCXX.vcxproj”(默认目标) (1) ->
(Link 目标) -> 
  LINK : fatal error LNK1181: 无法打开输入文件“kernel32.lib” [D:\10 CG&GAMES\Gameslearning\GamesLearning\code\pa0\build\CMakeFiles\3.20.1\CompilerIdCXX\CompilerIdCXX.vcxproj]

    1 个警告
    1 个错误

已用时间 00:00:00.37


Compiling the CXX compiler identification source file "CMakeCXXCompilerId.cpp" failed.
Compiler:  
Build flags: 
Id flags:  

The output was:
1
用于 .NET Framework 的 Microsoft (R) 生成引擎版本 16.9.0+5e4b48a27
版权所有(C) Microsoft Corporation。保留所有权利。

生成启动时间为 2021/8/15 9:14:49。
节点 1 上的项目“D:\10 CG&GAMES\Gameslearning\GamesLearning\code\pa0\build\CMakeFiles\3.20.1\CompilerIdCXX\CompilerIdCXX.vcxproj”(默认目标)。
PrepareForBuild:
  正在创建目录“Debug\”。
C:\Program Files (x86)\Microsoft Visual Studio\2019\Community\MSBuild\Microsoft\VC\v160\Microsoft.CppBuild.targets(501,5): warning MSB8003: 未定义 WindowsSDKDir 属性。可能找不到某些生成工具。 [D:\10 CG&GAMES\Gameslearning\GamesLearning\code\pa0\build\CMakeFiles\3.20.1\CompilerIdCXX\CompilerIdCXX.vcxproj]
  正在创建目录“Debug\CompilerIdCXX.tlog\”。
InitializeBuildStatus:
  正在创建“Debug\CompilerIdCXX.tlog\unsuccessfulbuild”，因为已指定“AlwaysCreate”。
ClCompile:
  C:\Program Files (x86)\Microsoft Visual Studio\2019\Community\VC\Tools\MSVC\14.28.29910\bin\HostX64\x64\CL.exe /c /nologo /W0 /WX- /diagnostics:column /Od /D _MBCS /Gm- /EHsc /RTC1 /MDd /GS /fp:precise /Zc:wchar_t /Zc:forScope /Zc:inline /Fo"Debug\\" /Fd"Debug\vc142.pdb" /Gd /TP /FC /errorReport:queue CMakeCXXCompilerId.cpp
  CMakeCXXCompilerId.cpp
Link:
  C:\Program Files (x86)\Microsoft Visual Studio\2019\Community\VC\Tools\MSVC\14.28.29910\bin\HostX64\x64\link.exe /ERRORREPORT:QUEUE /OUT:".\CompilerIdCXX.exe" /INCREMENTAL:NO /NOLOGO kernel32.lib user32.lib gdi32.lib winspool.lib comdlg32.lib advapi32.lib shell32.lib ole32.lib oleaut32.lib uuid.lib odbc32.lib odbccp32.lib /MANIFEST /MANIFESTUAC:"level='asInvoker' uiAccess='false'" /manifest:embed /PDB:".\CompilerIdCXX.pdb" /SUBSYSTEM:CONSOLE /TLBID:1 /DYNAMICBASE /NXCOMPAT /IMPLIB:".\CompilerIdCXX.lib" /MACHINE:X64 Debug\CMakeCXXCompilerId.obj
LINK : fatal error LNK1181: 无法打开输入文件“kernel32.lib” [D:\10 CG&GAMES\Gameslearning\GamesLearning\code\pa0\build\CMakeFiles\3.20.1\CompilerIdCXX\CompilerIdCXX.vcxproj]
已完成生成项目“D:\10 CG&GAMES\Gameslearning\GamesLearning\code\pa0\build\CMakeFiles\3.20.1\CompilerIdCXX\CompilerIdCXX.vcxproj”(默认目标)的操作 - 失败。

生成失败。

“D:\10 CG&GAMES\Gameslearning\GamesLearning\code\pa0\build\CMakeFiles\3.20.1\CompilerIdCXX\CompilerIdCXX.vcxproj”(默认目标) (1) ->
(PrepareForBuild 目标) -> 
  C:\Program Files (x86)\Microsoft Visual Studio\2019\Community\MSBuild\Microsoft\VC\v160\Microsoft.CppBuild.targets(501,5): warning MSB8003: 未定义 WindowsSDKDir 属性。可能找不到某些生成工具。 [D:\10 CG&GAMES\Gameslearning\GamesLearning\code\pa0\build\CMakeFiles\3.20.1\CompilerIdCXX\CompilerIdCXX.vcxproj]


“D:\10 CG&GAMES\Gameslearning\GamesLearning\code\pa0\build\CMakeFiles\3.20.1\CompilerIdCXX\CompilerIdCXX.vcxproj”(默认目标) (1) ->
(Link 目标) -> 
  LINK : fatal error LNK1181: 无法打开输入文件“kernel32.lib” [D:\10 CG&GAMES\Gameslearning\GamesLearning\code\pa0\build\CMakeFiles\3.20.1\CompilerIdCXX\CompilerIdCXX.vcxproj]

    1 个警告
    1 个错误

已用时间 00:00:00.34


Compiling the C compiler identification source file "CMakeCCompilerId.c" failed.
Compiler:  
Build flags: 
Id flags:  

The output was:
1
用于 .NET Framework 的 Microsoft (R) 生成引擎版本 16.9.0+5e4b48a27
版权所有(C) Microsoft Corporation。保留所有权利。

生成启动时间为 2021/8/15 9:29:20。
节点 1 上的项目“D:\10 CG&GAMES\Gameslearning\GamesLearning\code\pa0\build\CMakeFiles\3.20.1\CompilerIdC\CompilerIdC.vcxproj”(默认目标)。
PrepareForBuild:
  正在创建目录“Debug\”。
C:\Program Files (x86)\Microsoft Visual Studio\2019\Community\MSBuild\Microsoft\VC\v160\Microsoft.CppBuild.targets(501,5): warning MSB8003: 未定义 WindowsSDKDir 属性。可能找不到某些生成工具。 [D:\10 CG&GAMES\Gameslearning\GamesLearning\code\pa0\build\CMakeFiles\3.20.1\CompilerIdC\CompilerIdC.vcxproj]
  正在创建目录“Debug\CompilerIdC.tlog\”。
InitializeBuildStatus:
  正在创建“Debug\CompilerIdC.tlog\unsuccessfulbuild”，因为已指定“AlwaysCreate”。
ClCompile:
  C:\Program Files (x86)\Microsoft Visual Studio\2019\Community\VC\Tools\MSVC\14.28.29910\bin\HostX64\x64\CL.exe /c /nologo /W0 /WX- /diagnostics:column /Od /D _MBCS /Gm- /EHsc /RTC1 /MDd /GS /fp:precise /Zc:wchar_t /Zc:forScope /Zc:inline /Fo"Debug\\" /Fd"Debug\vc142.pdb" /Gd /TC /FC /errorReport:queue CMakeCCompilerId.c
  CMakeCCompilerId.c
Link:
  C:\Program Files (x86)\Microsoft Visual Studio\2019\Community\VC\Tools\MSVC\14.28.29910\bin\HostX64\x64\link.exe /ERRORREPORT:QUEUE /OUT:".\CompilerIdC.exe" /INCREMENTAL:NO /NOLOGO kernel32.lib user32.lib gdi32.lib winspool.lib comdlg32.lib advapi32.lib shell32.lib ole32.lib oleaut32.lib uuid.lib odbc32.lib odbccp32.lib /MANIFEST /MANIFESTUAC:"level='asInvoker' uiAccess='false'" /manifest:embed /PDB:".\CompilerIdC.pdb" /SUBSYSTEM:CONSOLE /TLBID:1 /DYNAMICBASE /NXCOMPAT /IMPLIB:".\CompilerIdC.lib" /MACHINE:X64 Debug\CMakeCCompilerId.obj
LINK : fatal error LNK1181: 无法打开输入文件“kernel32.lib” [D:\10 CG&GAMES\Gameslearning\GamesLearning\code\pa0\build\CMakeFiles\3.20.1\CompilerIdC\CompilerIdC.vcxproj]
已完成生成项目“D:\10 CG&GAMES\Gameslearning\GamesLearning\code\pa0\build\CMakeFiles\3.20.1\CompilerIdC\CompilerIdC.vcxproj”(默认目标)的操作 - 失败。

生成失败。

“D:\10 CG&GAMES\Gameslearning\GamesLearning\code\pa0\build\CMakeFiles\3.20.1\CompilerIdC\CompilerIdC.vcxproj”(默认目标) (1) ->
(PrepareForBuild 目标) -> 
  C:\Program Files (x86)\Microsoft Visual Studio\2019\Community\MSBuild\Microsoft\VC\v160\Microsoft.CppBuild.targets(501,5): warning MSB8003: 未定义 WindowsSDKDir 属性。可能找不到某些生成工具。 [D:\10 CG&GAMES\Gameslearning\GamesLearning\code\pa0\build\CMakeFiles\3.20.1\CompilerIdC\CompilerIdC.vcxproj]


“D:\10 CG&GAMES\Gameslearning\GamesLearning\code\pa0\build\CMakeFiles\3.20.1\CompilerIdC\CompilerIdC.vcxproj”(默认目标) (1) ->
(Link 目标) -> 
  LINK : fatal error LNK1181: 无法打开输入文件“kernel32.lib” [D:\10 CG&GAMES\Gameslearning\GamesLearning\code\pa0\build\CMakeFiles\3.20.1\CompilerIdC\CompilerIdC.vcxproj]

    1 个警告
    1 个错误

已用时间 00:00:00.45


Compiling the C compiler identification source file "CMakeCCompilerId.c" failed.
Compiler:  
Build flags: 
Id flags:  

The output was:
1
用于 .NET Framework 的 Microsoft (R) 生成引擎版本 16.9.0+5e4b48a27
版权所有(C) Microsoft Corporation。保留所有权利。

生成启动时间为 2021/8/15 9:29:21。
节点 1 上的项目“D:\10 CG&GAMES\Gameslearning\GamesLearning\code\pa0\build\CMakeFiles\3.20.1\CompilerIdC\CompilerIdC.vcxproj”(默认目标)。
PrepareForBuild:
  正在创建目录“Debug\”。
C:\Program Files (x86)\Microsoft Visual Studio\2019\Community\MSBuild\Microsoft\VC\v160\Microsoft.CppBuild.targets(501,5): warning MSB8003: 未定义 WindowsSDKDir 属性。可能找不到某些生成工具。 [D:\10 CG&GAMES\Gameslearning\GamesLearning\code\pa0\build\CMakeFiles\3.20.1\CompilerIdC\CompilerIdC.vcxproj]
  正在创建目录“Debug\CompilerIdC.tlog\”。
InitializeBuildStatus:
  正在创建“Debug\CompilerIdC.tlog\unsuccessfulbuild”，因为已指定“AlwaysCreate”。
ClCompile:
  C:\Program Files (x86)\Microsoft Visual Studio\2019\Community\VC\Tools\MSVC\14.28.29910\bin\HostX64\x64\CL.exe /c /nologo /W0 /WX- /diagnostics:column /Od /D _MBCS /Gm- /EHsc /RTC1 /MDd /GS /fp:precise /Zc:wchar_t /Zc:forScope /Zc:inline /Fo"Debug\\" /Fd"Debug\vc142.pdb" /Gd /TC /FC /errorReport:queue CMakeCCompilerId.c
  CMakeCCompilerId.c
Link:
  C:\Program Files (x86)\Microsoft Visual Studio\2019\Community\VC\Tools\MSVC\14.28.29910\bin\HostX64\x64\link.exe /ERRORREPORT:QUEUE /OUT:".\CompilerIdC.exe" /INCREMENTAL:NO /NOLOGO kernel32.lib user32.lib gdi32.lib winspool.lib comdlg32.lib advapi32.lib shell32.lib ole32.lib oleaut32.lib uuid.lib odbc32.lib odbccp32.lib /MANIFEST /MANIFESTUAC:"level='asInvoker' uiAccess='false'" /manifest:embed /PDB:".\CompilerIdC.pdb" /SUBSYSTEM:CONSOLE /TLBID:1 /DYNAMICBASE /NXCOMPAT /IMPLIB:".\CompilerIdC.lib" /MACHINE:X64 Debug\CMakeCCompilerId.obj
LINK : fatal error LNK1181: 无法打开输入文件“kernel32.lib” [D:\10 CG&GAMES\Gameslearning\GamesLearning\code\pa0\build\CMakeFiles\3.20.1\CompilerIdC\CompilerIdC.vcxproj]
已完成生成项目“D:\10 CG&GAMES\Gameslearning\GamesLearning\code\pa0\build\CMakeFiles\3.20.1\CompilerIdC\CompilerIdC.vcxproj”(默认目标)的操作 - 失败。

生成失败。

“D:\10 CG&GAMES\Gameslearning\GamesLearning\code\pa0\build\CMakeFiles\3.20.1\CompilerIdC\CompilerIdC.vcxproj”(默认目标) (1) ->
(PrepareForBuild 目标) -> 
  C:\Program Files (x86)\Microsoft Visual Studio\2019\Community\MSBuild\Microsoft\VC\v160\Microsoft.CppBuild.targets(501,5): warning MSB8003: 未定义 WindowsSDKDir 属性。可能找不到某些生成工具。 [D:\10 CG&GAMES\Gameslearning\GamesLearning\code\pa0\build\CMakeFiles\3.20.1\CompilerIdC\CompilerIdC.vcxproj]


“D:\10 CG&GAMES\Gameslearning\GamesLearning\code\pa0\build\CMakeFiles\3.20.1\CompilerIdC\CompilerIdC.vcxproj”(默认目标) (1) ->
(Link 目标) -> 
  LINK : fatal error LNK1181: 无法打开输入文件“kernel32.lib” [D:\10 CG&GAMES\Gameslearning\GamesLearning\code\pa0\build\CMakeFiles\3.20.1\CompilerIdC\CompilerIdC.vcxproj]

    1 个警告
    1 个错误

已用时间 00:00:00.34


Compiling the CXX compiler identification source file "CMakeCXXCompilerId.cpp" failed.
Compiler:  
Build flags: 
Id flags:  

The output was:
1
用于 .NET Framework 的 Microsoft (R) 生成引擎版本 16.9.0+5e4b48a27
版权所有(C) Microsoft Corporation。保留所有权利。

生成启动时间为 2021/8/15 9:29:21。
节点 1 上的项目“D:\10 CG&GAMES\Gameslearning\GamesLearning\code\pa0\build\CMakeFiles\3.20.1\CompilerIdCXX\CompilerIdCXX.vcxproj”(默认目标)。
PrepareForBuild:
  正在创建目录“Debug\”。
C:\Program Files (x86)\Microsoft Visual Studio\2019\Community\MSBuild\Microsoft\VC\v160\Microsoft.CppBuild.targets(501,5): warning MSB8003: 未定义 WindowsSDKDir 属性。可能找不到某些生成工具。 [D:\10 CG&GAMES\Gameslearning\GamesLearning\code\pa0\build\CMakeFiles\3.20.1\CompilerIdCXX\CompilerIdCXX.vcxproj]
  正在创建目录“Debug\CompilerIdCXX.tlog\”。
InitializeBuildStatus:
  正在创建“Debug\CompilerIdCXX.tlog\unsuccessfulbuild”，因为已指定“AlwaysCreate”。
ClCompile:
  C:\Program Files (x86)\Microsoft Visual Studio\2019\Community\VC\Tools\MSVC\14.28.29910\bin\HostX64\x64\CL.exe /c /nologo /W0 /WX- /diagnostics:column /Od /D _MBCS /Gm- /EHsc /RTC1 /MDd /GS /fp:precise /Zc:wchar_t /Zc:forScope /Zc:inline /Fo"Debug\\" /Fd"Debug\vc142.pdb" /Gd /TP /FC /errorReport:queue CMakeCXXCompilerId.cpp
  CMakeCXXCompilerId.cpp
Link:
  C:\Program Files (x86)\Microsoft Visual Studio\2019\Community\VC\Tools\MSVC\14.28.29910\bin\HostX64\x64\link.exe /ERRORREPORT:QUEUE /OUT:".\CompilerIdCXX.exe" /INCREMENTAL:NO /NOLOGO kernel32.lib user32.lib gdi32.lib winspool.lib comdlg32.lib advapi32.lib shell32.lib ole32.lib oleaut32.lib uuid.lib odbc32.lib odbccp32.lib /MANIFEST /MANIFESTUAC:"level='asInvoker' uiAccess='false'" /manifest:embed /PDB:".\CompilerIdCXX.pdb" /SUBSYSTEM:CONSOLE /TLBID:1 /DYNAMICBASE /NXCOMPAT /IMPLIB:".\CompilerIdCXX.lib" /MACHINE:X64 Debug\CMakeCXXCompilerId.obj
LINK : fatal error LNK1181: 无法打开输入文件“kernel32.lib” [D:\10 CG&GAMES\Gameslearning\GamesLearning\code\pa0\build\CMakeFiles\3.20.1\CompilerIdCXX\CompilerIdCXX.vcxproj]
已完成生成项目“D:\10 CG&GAMES\Gameslearning\GamesLearning\code\pa0\build\CMakeFiles\3.20.1\CompilerIdCXX\CompilerIdCXX.vcxproj”(默认目标)的操作 - 失败。

生成失败。

“D:\10 CG&GAMES\Gameslearning\GamesLearning\code\pa0\build\CMakeFiles\3.20.1\CompilerIdCXX\CompilerIdCXX.vcxproj”(默认目标) (1) ->
(PrepareForBuild 目标) -> 
  C:\Program Files (x86)\Microsoft Visual Studio\2019\Community\MSBuild\Microsoft\VC\v160\Microsoft.CppBuild.targets(501,5): warning MSB8003: 未定义 WindowsSDKDir 属性。可能找不到某些生成工具。 [D:\10 CG&GAMES\Gameslearning\GamesLearning\code\pa0\build\CMakeFiles\3.20.1\CompilerIdCXX\CompilerIdCXX.vcxproj]


“D:\10 CG&GAMES\Gameslearning\GamesLearning\code\pa0\build\CMakeFiles\3.20.1\CompilerIdCXX\CompilerIdCXX.vcxproj”(默认目标) (1) ->
(Link 目标) -> 
  LINK : fatal error LNK1181: 无法打开输入文件“kernel32.lib” [D:\10 CG&GAMES\Gameslearning\GamesLearning\code\pa0\build\CMakeFiles\3.20.1\CompilerIdCXX\CompilerIdCXX.vcxproj]

    1 个警告
    1 个错误

已用时间 00:00:00.34


Compiling the CXX compiler identification source file "CMakeCXXCompilerId.cpp" failed.
Compiler:  
Build flags: 
Id flags:  

The output was:
1
用于 .NET Framework 的 Microsoft (R) 生成引擎版本 16.9.0+5e4b48a27
版权所有(C) Microsoft Corporation。保留所有权利。

生成启动时间为 2021/8/15 9:29:22。
节点 1 上的项目“D:\10 CG&GAMES\Gameslearning\GamesLearning\code\pa0\build\CMakeFiles\3.20.1\CompilerIdCXX\CompilerIdCXX.vcxproj”(默认目标)。
PrepareForBuild:
  正在创建目录“Debug\”。
C:\Program Files (x86)\Microsoft Visual Studio\2019\Community\MSBuild\Microsoft\VC\v160\Microsoft.CppBuild.targets(501,5): warning MSB8003: 未定义 WindowsSDKDir 属性。可能找不到某些生成工具。 [D:\10 CG&GAMES\Gameslearning\GamesLearning\code\pa0\build\CMakeFiles\3.20.1\CompilerIdCXX\CompilerIdCXX.vcxproj]
  正在创建目录“Debug\CompilerIdCXX.tlog\”。
InitializeBuildStatus:
  正在创建“Debug\CompilerIdCXX.tlog\unsuccessfulbuild”，因为已指定“AlwaysCreate”。
ClCompile:
  C:\Program Files (x86)\Microsoft Visual Studio\2019\Community\VC\Tools\MSVC\14.28.29910\bin\HostX64\x64\CL.exe /c /nologo /W0 /WX- /diagnostics:column /Od /D _MBCS /Gm- /EHsc /RTC1 /MDd /GS /fp:precise /Zc:wchar_t /Zc:forScope /Zc:inline /Fo"Debug\\" /Fd"Debug\vc142.pdb" /Gd /TP /FC /errorReport:queue CMakeCXXCompilerId.cpp
  CMakeCXXCompilerId.cpp
Link:
  C:\Program Files (x86)\Microsoft Visual Studio\2019\Community\VC\Tools\MSVC\14.28.29910\bin\HostX64\x64\link.exe /ERRORREPORT:QUEUE /OUT:".\CompilerIdCXX.exe" /INCREMENTAL:NO /NOLOGO kernel32.lib user32.lib gdi32.lib winspool.lib comdlg32.lib advapi32.lib shell32.lib ole32.lib oleaut32.lib uuid.lib odbc32.lib odbccp32.lib /MANIFEST /MANIFESTUAC:"level='asInvoker' uiAccess='false'" /manifest:embed /PDB:".\CompilerIdCXX.pdb" /SUBSYSTEM:CONSOLE /TLBID:1 /DYNAMICBASE /NXCOMPAT /IMPLIB:".\CompilerIdCXX.lib" /MACHINE:X64 Debug\CMakeCXXCompilerId.obj
LINK : fatal error LNK1181: 无法打开输入文件“kernel32.lib” [D:\10 CG&GAMES\Gameslearning\GamesLearning\code\pa0\build\CMakeFiles\3.20.1\CompilerIdCXX\CompilerIdCXX.vcxproj]
已完成生成项目“D:\10 CG&GAMES\Gameslearning\GamesLearning\code\pa0\build\CMakeFiles\3.20.1\CompilerIdCXX\CompilerIdCXX.vcxproj”(默认目标)的操作 - 失败。

生成失败。

“D:\10 CG&GAMES\Gameslearning\GamesLearning\code\pa0\build\CMakeFiles\3.20.1\CompilerIdCXX\CompilerIdCXX.vcxproj”(默认目标) (1) ->
(PrepareForBuild 目标) -> 
  C:\Program Files (x86)\Microsoft Visual Studio\2019\Community\MSBuild\Microsoft\VC\v160\Microsoft.CppBuild.targets(501,5): warning MSB8003: 未定义 WindowsSDKDir 属性。可能找不到某些生成工具。 [D:\10 CG&GAMES\Gameslearning\GamesLearning\code\pa0\build\CMakeFiles\3.20.1\CompilerIdCXX\CompilerIdCXX.vcxproj]


“D:\10 CG&GAMES\Gameslearning\GamesLearning\code\pa0\build\CMakeFiles\3.20.1\CompilerIdCXX\CompilerIdCXX.vcxproj”(默认目标) (1) ->
(Link 目标) -> 
  LINK : fatal error LNK1181: 无法打开输入文件“kernel32.lib” [D:\10 CG&GAMES\Gameslearning\GamesLearning\code\pa0\build\CMakeFiles\3.20.1\CompilerIdCXX\CompilerIdCXX.vcxproj]

    1 个警告
    1 个错误

已用时间 00:00:00.34


